2023-06-01 10:40:25,204 INFO client.py Starting client on 127.0.0.1:7777
2023-06-02 09:48:17,797 CRITICAL config_client.py Критическая ошибка
2023-06-02 09:48:17,818 ERROR config_client.py Ошибка
2023-06-02 09:48:17,819 DEBUG config_client.py Отладочная информация
2023-06-02 09:48:17,819 INFO config_client.py Информационное сообщение
2023-06-02 10:45:04,002 CRITICAL client.py Connection error [Errno 111] Connection refused
2023-06-02 10:56:49,024 INFO client.py Connecting to 127.0.0.1:7777
2023-06-02 10:56:49,024 DEBUG client.py  request: {'action': 'presence', 'time': 1685692609.024576, 'user': {'account_name': 'guest'}}
2023-06-02 10:56:49,025 DEBUG client.py  response: 200
2023-06-05 20:09:06,598 INFO client.py Connecting to 127.0.0.1:7777
2023-06-05 20:09:06,604 DEBUG client.py Функция init_socket модуля client.py вызвана c параметрами (), {'srv_host': '127.0.0.1', 'srv_port': 7777} из модуля client.py, функции main
2023-06-05 20:09:06,605 DEBUG client.py Функция generate_presence модуля client.py вызвана c параметрами (), {} из модуля client.py, функции main
2023-06-05 20:09:06,605 DEBUG client.py  request: {'action': 'presence', 'time': 1685984946.6053884, 'user': {'account_name': 'guest'}}
2023-06-05 20:09:06,609 DEBUG client.py Функция process_response модуля client.py вызвана c параметрами ({'response': 200, 'time': 1685984946.6092944},), {} из модуля client.py, функции main
2023-06-05 20:09:06,610 DEBUG client.py  response: 200
2023-06-05 20:09:07,709 INFO client.py Connecting to 127.0.0.1:7777
2023-06-05 20:09:07,723 DEBUG client.py Функция init_socket модуля client.py вызвана c параметрами (), {'srv_host': '127.0.0.1', 'srv_port': 7777} из модуля client.py, функции main
2023-06-05 20:09:07,723 DEBUG client.py Функция generate_presence модуля client.py вызвана c параметрами (), {} из модуля client.py, функции main
2023-06-05 20:09:07,723 DEBUG client.py  request: {'action': 'presence', 'time': 1685984947.7237208, 'user': {'account_name': 'guest'}}
2023-06-05 20:09:07,724 DEBUG client.py Функция process_response модуля client.py вызвана c параметрами ({'response': 200, 'time': 1685984947.724325},), {} из модуля client.py, функции main
2023-06-05 20:09:07,724 DEBUG client.py  response: 200
2023-06-05 20:09:08,698 INFO client.py Connecting to 127.0.0.1:7777
2023-06-05 20:09:08,703 DEBUG client.py Функция init_socket модуля client.py вызвана c параметрами (), {'srv_host': '127.0.0.1', 'srv_port': 7777} из модуля client.py, функции main
2023-06-05 20:09:08,704 DEBUG client.py Функция generate_presence модуля client.py вызвана c параметрами (), {} из модуля client.py, функции main
2023-06-05 20:09:08,704 DEBUG client.py  request: {'action': 'presence', 'time': 1685984948.7042012, 'user': {'account_name': 'guest'}}
2023-06-05 20:09:08,705 DEBUG client.py Функция process_response модуля client.py вызвана c параметрами ({'response': 200, 'time': 1685984948.704831},), {} из модуля client.py, функции main
2023-06-05 20:09:08,705 DEBUG client.py  response: 200
2023-06-18 14:45:44,763 INFO client.py Connecting to 127.0.0.1:7777, mode r
2023-06-18 14:45:44,764 INFO client.py Connecting to 127.0.0.1:7777
2023-06-18 14:45:44,764 DEBUG client.py Sending Action {'_type': 'action', '_action': 'presence', '_time': 1687088744.7642963, '_user_account': 'guest', '_user_status': 'guest is here', '_receiver': None, '_sender': None, '_message': None}
2023-06-18 14:45:54,429 DEBUG client.py Response <gb_python_async01.common.model.message.Response object at 0x7fb1edc96dc0>
2023-06-18 14:48:27,016 INFO client.py Connecting to 127.0.0.1:7777, mode w
2023-06-18 14:48:27,016 INFO client.py Connecting to 127.0.0.1:7777
2023-06-18 14:48:27,016 DEBUG client.py Sending Action {'_type': 'action', '_action': 'presence', '_time': 1687088907.016315, '_user_account': 'guest', '_user_status': 'guest is here', '_receiver': None, '_sender': None, '_message': None}
2023-06-18 14:48:38,221 DEBUG client.py Response <gb_python_async01.common.model.message.Response object at 0x7f37a3afed00>
2023-06-18 14:49:04,383 DEBUG client.py Sending Action {'_type': 'action', '_action': 'msg', '_time': 1687088944.383079, '_user_account': None, '_user_status': None, '_receiver': '', '_sender': 'guest', '_message': 'test1'}
2023-06-18 14:49:12,131 DEBUG client.py Response <gb_python_async01.common.model.message.Response object at 0x7f37a3afed60>
2023-06-18 14:49:43,219 DEBUG client.py Accepting Action {'_type': 'action', '_action': 'msg', '_time': 1687088944.383079, '_user_account': None, '_user_status': None, '_receiver': 'guest', '_sender': 'guest', '_message': 'test1'}
2023-06-18 14:50:51,065 DEBUG client.py Sending Action {'_type': 'action', '_action': 'msg', '_time': 1687089051.0658977, '_user_account': None, '_user_status': None, '_receiver': '', '_sender': 'guest', '_message': 'test2'}
2023-06-18 14:58:04,928 INFO client.py Connecting to 127.0.0.1:7777, mode r
2023-06-18 14:58:04,929 INFO client.py Connecting to 127.0.0.1:7777
2023-06-18 14:58:04,929 DEBUG client.py Sending Action {'_type': 'action', '_action': 'presence', '_time': 1687089484.9294775, '_user_account': 'guest', '_user_status': 'guest is here', '_receiver': None, '_sender': None, '_message': None}
2023-06-18 14:58:13,528 DEBUG client.py Response Responce 200: OK
2023-06-18 14:58:32,752 INFO client.py Connecting to 127.0.0.1:7777, mode w
2023-06-18 14:58:32,752 INFO client.py Connecting to 127.0.0.1:7777
2023-06-18 14:58:32,752 DEBUG client.py Sending Action {'_type': 'action', '_action': 'presence', '_time': 1687089512.7528775, '_user_account': 'guest', '_user_status': 'guest is here', '_receiver': None, '_sender': None, '_message': None}
2023-06-18 14:58:39,192 DEBUG client.py Response Responce 200: OK
2023-06-18 14:59:05,514 DEBUG client.py Sending Action {'_type': 'action', '_action': 'msg', '_time': 1687089545.5140052, '_user_account': None, '_user_status': None, '_receiver': '', '_sender': 'guest', '_message': 'test 1'}
2023-06-18 14:59:11,585 DEBUG client.py Response Responce 200: OK
2023-06-18 14:59:42,842 DEBUG client.py Accepting Action {'_type': 'action', '_action': 'msg', '_time': 1687089545.5140052, '_user_account': None, '_user_status': None, '_receiver': 'guest', '_sender': 'guest', '_message': 'test 1'}
2023-06-18 15:00:23,744 DEBUG client.py Sending Action {'_type': 'action', '_action': 'msg', '_time': 1687089623.7440176, '_user_account': None, '_user_status': None, '_receiver': '', '_sender': 'guest', '_message': 'test 2'}
2023-06-18 15:00:28,386 DEBUG client.py Response Responce 200: OK
2023-06-18 15:00:41,542 DEBUG client.py Accepting Action {'_type': 'action', '_action': 'msg', '_time': 1687089623.7440176, '_user_account': None, '_user_status': None, '_receiver': 'guest', '_sender': 'guest', '_message': 'test 2'}
2023-06-22 16:40:33,611 INFO client.py Connecting to 127.0.0.1:7777, user test1
2023-06-22 16:40:33,611 INFO client.py Connecting to 127.0.0.1:7777
2023-06-22 16:40:33,612 DEBUG client.py test1 Sending Action {'_type': 'action', '_action': 'presence', '_time': 1687441233.6121123, '_user_account': 'test1', '_user_status': 'test1 is here', '_receiver': None, '_sender': None, '_message': None}
2023-06-22 16:40:33,613 DEBUG client.py test1 Response Responce 200: OK
2023-06-22 16:40:33,613 DEBUG client.py test1 Reader thread started
2023-06-22 16:40:33,783 INFO client.py Connecting to 127.0.0.1:7777, user test2
2023-06-22 16:40:33,784 INFO client.py Connecting to 127.0.0.1:7777
2023-06-22 16:40:33,784 DEBUG client.py test2 Sending Action {'_type': 'action', '_action': 'presence', '_time': 1687441233.7842057, '_user_account': 'test2', '_user_status': 'test2 is here', '_receiver': None, '_sender': None, '_message': None}
2023-06-22 16:40:33,785 DEBUG client.py test2 Response Responce 200: OK
2023-06-22 16:40:33,798 DEBUG client.py test2 Reader thread started
2023-06-22 16:40:33,837 INFO client.py Connecting to 127.0.0.1:7777, user test3
2023-06-22 16:40:33,837 INFO client.py Connecting to 127.0.0.1:7777
2023-06-22 16:40:33,837 DEBUG client.py test3 Sending Action {'_type': 'action', '_action': 'presence', '_time': 1687441233.8374658, '_user_account': 'test3', '_user_status': 'test3 is here', '_receiver': None, '_sender': None, '_message': None}
2023-06-22 16:40:33,838 DEBUG client.py test3 Response Responce 200: OK
2023-06-22 16:40:33,838 DEBUG client.py test3 Reader thread started
2023-06-22 16:40:34,114 DEBUG client.py test1 Reader: try to lock False
2023-06-22 16:40:34,114 DEBUG client.py test1 Reader: get lock True
2023-06-22 16:40:34,116 DEBUG client.py test1 Sender thread started
2023-06-22 16:40:34,299 DEBUG client.py test2 Reader: try to lock False
2023-06-22 16:40:34,299 DEBUG client.py test2 Reader: get lock True
2023-06-22 16:40:34,300 DEBUG client.py test2 Sender thread started
2023-06-22 16:40:34,338 DEBUG client.py test3 Reader: try to lock False
2023-06-22 16:40:34,339 DEBUG client.py test3 Reader: get lock True
2023-06-22 16:40:34,339 DEBUG client.py test3 Sender thread started
2023-06-22 16:40:34,614 DEBUG client.py test1 Reader: unlocked False
2023-06-22 16:40:34,800 DEBUG client.py test2 Reader: unlocked False
2023-06-22 16:40:34,839 DEBUG client.py test3 Reader: unlocked False
2023-06-22 16:40:35,215 DEBUG client.py test1 Reader: try to lock False
2023-06-22 16:40:35,215 DEBUG client.py test1 Reader: get lock True
2023-06-22 16:40:35,402 DEBUG client.py test2 Reader: try to lock False
2023-06-22 16:40:35,403 DEBUG client.py test2 Reader: get lock True
2023-06-22 16:40:35,442 DEBUG client.py test3 Reader: try to lock False
2023-06-22 16:40:35,442 DEBUG client.py test3 Reader: get lock True
2023-06-22 16:40:35,715 DEBUG client.py test1 Reader: unlocked False
2023-06-22 16:40:35,904 DEBUG client.py test2 Reader: unlocked False
2023-06-22 16:40:35,943 DEBUG client.py test3 Reader: unlocked False
2023-06-22 16:40:36,318 DEBUG client.py test1 Reader: try to lock False
2023-06-22 16:40:36,318 DEBUG client.py test1 Reader: get lock True
2023-06-22 16:40:36,507 DEBUG client.py test2 Reader: try to lock False
2023-06-22 16:40:36,507 DEBUG client.py test2 Reader: get lock True
2023-06-22 16:40:36,544 DEBUG client.py test3 Reader: try to lock False
2023-06-22 16:40:36,544 DEBUG client.py test3 Reader: get lock True
2023-06-22 16:40:36,819 DEBUG client.py test1 Reader: unlocked False
2023-06-22 16:40:37,008 DEBUG client.py test2 Reader: unlocked False
2023-06-22 16:40:37,060 DEBUG client.py test3 Reader: unlocked False
2023-06-22 16:40:37,421 DEBUG client.py test1 Reader: try to lock False
2023-06-22 16:40:37,421 DEBUG client.py test1 Reader: get lock True
2023-06-22 16:40:37,610 DEBUG client.py test2 Reader: try to lock False
2023-06-22 16:40:37,610 DEBUG client.py test2 Reader: get lock True
2023-06-22 16:40:37,677 DEBUG client.py test3 Reader: try to lock False
2023-06-22 16:40:37,678 DEBUG client.py test3 Reader: get lock True
2023-06-22 16:40:37,923 DEBUG client.py test1 Reader: unlocked False
2023-06-22 16:40:38,110 DEBUG client.py test2 Reader: unlocked False
2023-06-22 16:40:38,180 DEBUG client.py test3 Reader: unlocked False
2023-06-22 16:40:38,524 DEBUG client.py test1 Reader: try to lock False
2023-06-22 16:40:38,525 DEBUG client.py test1 Reader: get lock True
2023-06-22 16:40:38,714 DEBUG client.py test2 Reader: try to lock False
2023-06-22 16:40:38,714 DEBUG client.py test2 Reader: get lock True
2023-06-22 16:40:38,782 DEBUG client.py test3 Reader: try to lock False
2023-06-22 16:40:38,783 DEBUG client.py test3 Reader: get lock True
2023-06-22 16:40:39,025 DEBUG client.py test1 Reader: unlocked False
2023-06-22 16:40:39,215 DEBUG client.py test2 Reader: unlocked False
2023-06-22 16:40:39,293 DEBUG client.py test3 Reader: unlocked False
2023-06-22 16:40:39,626 DEBUG client.py test1 Reader: try to lock False
2023-06-22 16:40:39,626 DEBUG client.py test1 Reader: get lock True
2023-06-22 16:40:39,831 DEBUG client.py test2 Reader: try to lock False
2023-06-22 16:40:39,832 DEBUG client.py test2 Reader: get lock True
2023-06-22 16:40:39,893 DEBUG client.py test3 Reader: try to lock False
2023-06-22 16:40:39,893 DEBUG client.py test3 Reader: get lock True
2023-06-22 16:40:40,128 DEBUG client.py test1 Reader: unlocked False
2023-06-22 16:40:40,332 DEBUG client.py test2 Reader: unlocked False
2023-06-22 16:40:40,395 DEBUG client.py test3 Reader: unlocked False
2023-06-22 16:40:40,732 DEBUG client.py test1 Reader: try to lock False
2023-06-22 16:40:40,733 DEBUG client.py test1 Reader: get lock True
2023-06-22 16:40:40,935 DEBUG client.py test2 Reader: try to lock False
2023-06-22 16:40:40,935 DEBUG client.py test2 Reader: get lock True
2023-06-22 16:40:40,997 DEBUG client.py test3 Reader: try to lock False
2023-06-22 16:40:40,997 DEBUG client.py test3 Reader: get lock True
2023-06-22 16:40:41,233 DEBUG client.py test1 Reader: unlocked False
2023-06-22 16:40:41,436 DEBUG client.py test2 Reader: unlocked False
2023-06-22 16:40:41,497 DEBUG client.py test3 Reader: unlocked False
2023-06-22 16:40:41,835 DEBUG client.py test1 Reader: try to lock False
2023-06-22 16:40:41,835 DEBUG client.py test1 Reader: get lock True
2023-06-22 16:40:42,039 DEBUG client.py test2 Reader: try to lock False
2023-06-22 16:40:42,039 DEBUG client.py test2 Reader: get lock True
2023-06-22 16:40:42,100 DEBUG client.py test3 Reader: try to lock False
2023-06-22 16:40:42,100 DEBUG client.py test3 Reader: get lock True
2023-06-22 16:40:42,336 DEBUG client.py test1 Reader: unlocked False
2023-06-22 16:40:42,540 DEBUG client.py test2 Reader: unlocked False
2023-06-22 16:40:42,601 DEBUG client.py test3 Reader: unlocked False
2023-06-22 16:40:42,937 DEBUG client.py test1 Reader: try to lock False
2023-06-22 16:40:42,937 DEBUG client.py test1 Reader: get lock True
2023-06-22 16:40:43,147 DEBUG client.py test2 Reader: try to lock False
2023-06-22 16:40:43,148 DEBUG client.py test2 Reader: get lock True
2023-06-22 16:40:43,202 DEBUG client.py test3 Reader: try to lock False
2023-06-22 16:40:43,202 DEBUG client.py test3 Reader: get lock True
2023-06-22 16:40:43,439 DEBUG client.py test1 Reader: unlocked False
2023-06-22 16:40:43,651 DEBUG client.py test2 Reader: unlocked False
2023-06-22 16:40:43,702 DEBUG client.py test3 Reader: unlocked False
2023-06-22 16:40:44,042 DEBUG client.py test1 Reader: try to lock False
2023-06-22 16:40:44,042 DEBUG client.py test1 Reader: get lock True
2023-06-22 16:40:44,252 DEBUG client.py test2 Reader: try to lock False
2023-06-22 16:40:44,252 DEBUG client.py test2 Reader: get lock True
2023-06-22 16:40:44,303 DEBUG client.py test3 Reader: try to lock False
2023-06-22 16:40:44,304 DEBUG client.py test3 Reader: get lock True
2023-06-22 16:40:44,544 DEBUG client.py test1 Reader: unlocked False
2023-06-22 16:40:44,754 DEBUG client.py test2 Reader: unlocked False
2023-06-22 16:40:44,805 DEBUG client.py test3 Reader: unlocked False
2023-06-22 16:40:45,146 DEBUG client.py test1 Reader: try to lock False
2023-06-22 16:40:45,146 DEBUG client.py test1 Reader: get lock True
2023-06-22 16:40:45,359 DEBUG client.py test2 Reader: try to lock False
2023-06-22 16:40:45,359 DEBUG client.py test2 Reader: get lock True
2023-06-22 16:40:45,407 DEBUG client.py test3 Reader: try to lock False
2023-06-22 16:40:45,407 DEBUG client.py test3 Reader: get lock True
2023-06-22 16:40:45,647 DEBUG client.py test1 Reader: unlocked False
2023-06-22 16:40:45,860 DEBUG client.py test2 Reader: unlocked False
2023-06-22 16:40:45,907 DEBUG client.py test3 Reader: unlocked False
2023-06-22 16:40:46,248 DEBUG client.py test1 Reader: try to lock False
2023-06-22 16:40:46,248 DEBUG client.py test1 Reader: get lock True
2023-06-22 16:40:46,404 DEBUG client.py test3 Sender: try to lock False
2023-06-22 16:40:46,404 DEBUG client.py test3 Sender: locked True
2023-06-22 16:40:46,404 DEBUG client.py test3 Sending Action {'_type': 'action', '_action': 'msg', '_time': 1687441246.4045005, '_user_account': None, '_user_status': None, '_receiver': '', '_sender': 'test3', '_message': 'Hi all'}
2023-06-22 16:40:46,405 DEBUG client.py test3 Response Responce 200: OK
2023-06-22 16:40:46,405 DEBUG client.py test3 Sender: unlocked False
2023-06-22 16:40:46,405 DEBUG client.py test1 Accepting Action {'_type': 'action', '_action': 'msg', '_time': 1687441246.4045005, '_user_account': None, '_user_status': None, '_receiver': '', '_sender': 'test3', '_message': 'Hi all'}
2023-06-22 16:40:46,405 DEBUG client.py test1 Reader: unlocked False
2023-06-22 16:40:46,461 DEBUG client.py test2 Reader: try to lock False
2023-06-22 16:40:46,461 DEBUG client.py test2 Reader: get lock True
2023-06-22 16:40:46,461 DEBUG client.py test2 Accepting Action {'_type': 'action', '_action': 'msg', '_time': 1687441246.4045005, '_user_account': None, '_user_status': None, '_receiver': '', '_sender': 'test3', '_message': 'Hi all'}
2023-06-22 16:40:46,461 DEBUG client.py test2 Reader: unlocked False
2023-06-22 16:40:46,509 DEBUG client.py test3 Reader: try to lock False
2023-06-22 16:40:46,509 DEBUG client.py test3 Reader: get lock True
2023-06-22 16:40:47,006 DEBUG client.py test1 Reader: try to lock False
2023-06-22 16:40:47,007 DEBUG client.py test1 Reader: get lock True
2023-06-22 16:40:47,010 DEBUG client.py test3 Reader: unlocked False
2023-06-22 16:40:47,068 DEBUG client.py test2 Reader: try to lock False
2023-06-22 16:40:47,068 DEBUG client.py test2 Reader: get lock True
2023-06-22 16:40:47,509 DEBUG client.py test1 Reader: unlocked False
2023-06-22 16:40:47,573 DEBUG client.py test2 Reader: unlocked False
2023-06-22 16:40:47,611 DEBUG client.py test3 Reader: try to lock False
2023-06-22 16:40:47,611 DEBUG client.py test3 Reader: get lock True
2023-06-22 16:40:48,112 DEBUG client.py test3 Reader: unlocked False
2023-06-22 16:40:48,113 DEBUG client.py test1 Reader: try to lock False
2023-06-22 16:40:48,113 DEBUG client.py test1 Reader: get lock True
2023-06-22 16:40:48,181 DEBUG client.py test2 Reader: try to lock False
2023-06-22 16:40:48,181 DEBUG client.py test2 Reader: get lock True
2023-06-22 16:40:48,616 DEBUG client.py test1 Reader: unlocked False
2023-06-22 16:40:48,681 DEBUG client.py test2 Reader: unlocked False
2023-06-22 16:40:48,714 DEBUG client.py test3 Reader: try to lock False
2023-06-22 16:40:48,714 DEBUG client.py test3 Reader: get lock True
2023-06-22 16:40:49,215 DEBUG client.py test3 Reader: unlocked False
2023-06-22 16:40:49,216 DEBUG client.py test1 Reader: try to lock False
2023-06-22 16:40:49,217 DEBUG client.py test1 Reader: get lock True
2023-06-22 16:40:49,287 DEBUG client.py test2 Reader: try to lock False
2023-06-22 16:40:49,287 DEBUG client.py test2 Reader: get lock True
2023-06-22 16:40:49,717 DEBUG client.py test1 Reader: unlocked False
2023-06-22 16:40:49,788 DEBUG client.py test2 Reader: unlocked False
2023-06-22 16:40:49,816 DEBUG client.py test3 Reader: try to lock False
2023-06-22 16:40:49,816 DEBUG client.py test3 Reader: get lock True
2023-06-22 16:40:50,323 DEBUG client.py test1 Reader: try to lock False
2023-06-22 16:40:50,323 DEBUG client.py test3 Reader: unlocked False
2023-06-22 16:40:50,323 DEBUG client.py test1 Reader: get lock True
2023-06-22 16:40:50,395 DEBUG client.py test2 Reader: try to lock False
2023-06-22 16:40:50,395 DEBUG client.py test2 Reader: get lock True
2023-06-22 16:40:50,829 DEBUG client.py test1 Reader: unlocked False
2023-06-22 16:40:50,896 DEBUG client.py test2 Reader: unlocked False
2023-06-22 16:40:50,927 DEBUG client.py test3 Reader: try to lock False
2023-06-22 16:40:50,928 DEBUG client.py test3 Reader: get lock True
2023-06-22 16:40:51,430 DEBUG client.py test3 Reader: unlocked False
2023-06-22 16:40:51,432 DEBUG client.py test1 Reader: try to lock False
2023-06-22 16:40:51,432 DEBUG client.py test1 Reader: get lock True
2023-06-22 16:40:51,499 DEBUG client.py test2 Reader: try to lock False
2023-06-22 16:40:51,499 DEBUG client.py test2 Reader: get lock True
2023-06-22 16:40:51,937 DEBUG client.py test1 Reader: unlocked False
2023-06-22 16:40:52,001 DEBUG client.py test2 Reader: unlocked False
2023-06-22 16:40:52,037 DEBUG client.py test3 Reader: try to lock False
2023-06-22 16:40:52,038 DEBUG client.py test3 Reader: get lock True
2023-06-22 16:40:52,543 DEBUG client.py test3 Reader: unlocked False
2023-06-22 16:40:52,543 DEBUG client.py test1 Reader: try to lock False
2023-06-22 16:40:52,543 DEBUG client.py test1 Reader: get lock True
2023-06-22 16:40:52,609 DEBUG client.py test2 Reader: try to lock False
2023-06-22 16:40:52,610 DEBUG client.py test2 Reader: get lock True
2023-06-22 16:40:53,045 DEBUG client.py test1 Reader: unlocked False
2023-06-22 16:40:53,113 DEBUG client.py test2 Reader: unlocked False
2023-06-22 16:40:53,146 DEBUG client.py test3 Reader: try to lock False
2023-06-22 16:40:53,146 DEBUG client.py test3 Reader: get lock True
2023-06-22 16:40:53,646 DEBUG client.py test3 Reader: unlocked False
2023-06-22 16:40:53,646 DEBUG client.py test1 Reader: try to lock False
2023-06-22 16:40:53,646 DEBUG client.py test1 Reader: get lock True
2023-06-22 16:40:53,718 DEBUG client.py test2 Reader: try to lock False
2023-06-22 16:40:53,718 DEBUG client.py test2 Reader: get lock True
2023-06-22 16:40:54,157 DEBUG client.py test1 Reader: unlocked False
2023-06-22 16:40:54,222 DEBUG client.py test2 Reader: unlocked False
2023-06-22 16:40:54,247 DEBUG client.py test3 Reader: try to lock False
2023-06-22 16:40:54,247 DEBUG client.py test3 Reader: get lock True
2023-06-22 16:40:54,748 DEBUG client.py test3 Reader: unlocked False
2023-06-22 16:40:54,759 DEBUG client.py test1 Reader: try to lock False
2023-06-22 16:40:54,759 DEBUG client.py test1 Reader: get lock True
2023-06-22 16:40:54,829 DEBUG client.py test2 Reader: try to lock False
2023-06-22 16:40:54,829 DEBUG client.py test2 Reader: get lock True
2023-06-22 16:40:55,259 DEBUG client.py test1 Reader: unlocked False
2023-06-22 16:40:55,331 DEBUG client.py test2 Reader: unlocked False
2023-06-22 16:40:55,349 DEBUG client.py test3 Reader: try to lock False
2023-06-22 16:40:55,349 DEBUG client.py test3 Reader: get lock True
2023-06-22 16:40:55,850 DEBUG client.py test3 Reader: unlocked False
2023-06-22 16:40:55,861 DEBUG client.py test1 Reader: try to lock False
2023-06-22 16:40:55,861 DEBUG client.py test1 Reader: get lock True
2023-06-22 16:40:55,934 DEBUG client.py test2 Reader: try to lock False
2023-06-22 16:40:55,935 DEBUG client.py test2 Reader: get lock True
2023-06-22 16:40:56,361 DEBUG client.py test1 Reader: unlocked False
2023-06-22 16:40:56,436 DEBUG client.py test2 Reader: unlocked False
2023-06-22 16:40:56,451 DEBUG client.py test3 Reader: try to lock False
2023-06-22 16:40:56,451 DEBUG client.py test3 Reader: get lock True
2023-06-22 16:40:56,952 DEBUG client.py test3 Reader: unlocked False
2023-06-22 16:40:56,964 DEBUG client.py test1 Reader: try to lock False
2023-06-22 16:40:56,965 DEBUG client.py test1 Reader: get lock True
2023-06-22 16:40:57,037 DEBUG client.py test2 Reader: try to lock False
2023-06-22 16:40:57,037 DEBUG client.py test2 Reader: get lock True
2023-06-22 16:40:57,465 DEBUG client.py test1 Reader: unlocked False
2023-06-22 16:40:57,539 DEBUG client.py test2 Reader: unlocked False
2023-06-22 16:40:57,556 DEBUG client.py test3 Reader: try to lock False
2023-06-22 16:40:57,556 DEBUG client.py test3 Reader: get lock True
2023-06-22 16:40:58,063 DEBUG client.py test3 Reader: unlocked False
2023-06-22 16:40:58,066 DEBUG client.py test1 Reader: try to lock False
2023-06-22 16:40:58,066 DEBUG client.py test1 Reader: get lock True
2023-06-22 16:40:58,142 DEBUG client.py test2 Reader: try to lock False
2023-06-22 16:40:58,142 DEBUG client.py test2 Reader: get lock True
2023-06-22 16:40:58,566 DEBUG client.py test1 Reader: unlocked False
2023-06-22 16:40:58,643 DEBUG client.py test2 Reader: unlocked False
2023-06-22 16:40:58,670 DEBUG client.py test3 Reader: try to lock False
2023-06-22 16:40:58,671 DEBUG client.py test3 Reader: get lock True
2023-06-22 16:40:59,168 DEBUG client.py test1 Reader: try to lock False
2023-06-22 16:40:59,168 DEBUG client.py test1 Reader: get lock True
2023-06-22 16:40:59,172 DEBUG client.py test3 Reader: unlocked False
2023-06-22 16:40:59,251 DEBUG client.py test2 Reader: try to lock False
2023-06-22 16:40:59,251 DEBUG client.py test2 Reader: get lock True
2023-06-22 16:40:59,669 DEBUG client.py test1 Reader: unlocked False
2023-06-22 16:40:59,752 DEBUG client.py test2 Reader: unlocked False
2023-06-22 16:40:59,776 DEBUG client.py test3 Reader: try to lock False
2023-06-22 16:40:59,776 DEBUG client.py test3 Reader: get lock True
2023-06-22 16:41:00,271 DEBUG client.py test1 Reader: try to lock False
2023-06-22 16:41:00,271 DEBUG client.py test1 Reader: get lock True
2023-06-22 16:41:00,277 DEBUG client.py test3 Reader: unlocked False
2023-06-22 16:41:00,356 DEBUG client.py test2 Reader: try to lock False
2023-06-22 16:41:00,356 DEBUG client.py test2 Reader: get lock True
2023-06-22 16:41:00,773 DEBUG client.py test1 Reader: unlocked False
2023-06-22 16:41:00,860 DEBUG client.py test2 Reader: unlocked False
2023-06-22 16:41:00,882 DEBUG client.py test3 Reader: try to lock False
2023-06-22 16:41:00,882 DEBUG client.py test3 Reader: get lock True
2023-06-22 16:41:01,379 DEBUG client.py test1 Reader: try to lock False
2023-06-22 16:41:01,379 DEBUG client.py test1 Reader: get lock True
2023-06-22 16:41:01,383 DEBUG client.py test3 Reader: unlocked False
2023-06-22 16:41:01,463 DEBUG client.py test2 Reader: try to lock False
2023-06-22 16:41:01,463 DEBUG client.py test2 Reader: get lock True
2023-06-22 16:41:01,885 DEBUG client.py test1 Reader: unlocked False
2023-06-22 16:41:01,968 DEBUG client.py test2 Reader: unlocked False
2023-06-22 16:41:01,986 DEBUG client.py test3 Reader: try to lock False
2023-06-22 16:41:01,986 DEBUG client.py test3 Reader: get lock True
2023-06-22 16:41:02,488 DEBUG client.py test1 Reader: try to lock False
2023-06-22 16:41:02,488 DEBUG client.py test3 Reader: unlocked False
2023-06-22 16:41:02,488 DEBUG client.py test1 Reader: get lock True
2023-06-22 16:41:02,574 DEBUG client.py test2 Reader: try to lock False
2023-06-22 16:41:02,574 DEBUG client.py test2 Reader: get lock True
2023-06-22 16:41:02,991 DEBUG client.py test1 Reader: unlocked False
2023-06-22 16:41:03,077 DEBUG client.py test2 Reader: unlocked False
2023-06-22 16:41:03,094 DEBUG client.py test3 Reader: try to lock False
2023-06-22 16:41:03,094 DEBUG client.py test3 Reader: get lock True
2023-06-22 16:41:03,595 DEBUG client.py test1 Reader: try to lock False
2023-06-22 16:41:03,596 DEBUG client.py test1 Reader: get lock True
2023-06-22 16:41:03,597 DEBUG client.py test3 Reader: unlocked False
2023-06-22 16:41:03,680 DEBUG client.py test2 Reader: try to lock False
2023-06-22 16:41:03,680 DEBUG client.py test2 Reader: get lock True
2023-06-22 16:41:04,097 DEBUG client.py test1 Reader: unlocked False
2023-06-22 16:41:04,183 DEBUG client.py test2 Reader: unlocked False
2023-06-22 16:41:04,200 DEBUG client.py test3 Reader: try to lock False
2023-06-22 16:41:04,200 DEBUG client.py test3 Reader: get lock True
2023-06-22 16:41:04,700 DEBUG client.py test1 Reader: try to lock False
2023-06-22 16:41:04,700 DEBUG client.py test1 Reader: get lock True
2023-06-22 16:41:04,701 DEBUG client.py test3 Reader: unlocked False
2023-06-22 16:41:04,749 DEBUG client.py test2 Sender: try to lock False
2023-06-22 16:41:04,749 DEBUG client.py test2 Sender: locked True
2023-06-22 16:41:04,749 DEBUG client.py test2 Sending Action {'_type': 'action', '_action': 'msg', '_time': 1687441264.749158, '_user_account': None, '_user_status': None, '_receiver': 'test2', '_sender': 'test2', '_message': 'Hi test2'}
2023-06-22 16:41:04,749 DEBUG client.py test2 Response Responce 200: OK
2023-06-22 16:41:04,749 DEBUG client.py test2 Sender: unlocked False
2023-06-22 16:41:04,801 DEBUG client.py test2 Reader: try to lock False
2023-06-22 16:41:04,801 DEBUG client.py test2 Reader: get lock True
2023-06-22 16:41:05,202 DEBUG client.py test1 Reader: unlocked False
2023-06-22 16:41:05,301 DEBUG client.py test3 Reader: try to lock False
2023-06-22 16:41:05,302 DEBUG client.py test3 Reader: get lock True
2023-06-22 16:41:05,302 DEBUG client.py test2 Reader: unlocked False
2023-06-22 16:41:05,802 DEBUG client.py test3 Reader: unlocked False
2023-06-22 16:41:05,804 DEBUG client.py test1 Reader: try to lock False
2023-06-22 16:41:05,804 DEBUG client.py test1 Reader: get lock True
2023-06-22 16:41:05,911 DEBUG client.py test2 Reader: try to lock False
2023-06-22 16:41:05,911 DEBUG client.py test2 Reader: get lock True
2023-06-22 16:41:06,305 DEBUG client.py test1 Reader: unlocked False
2023-06-22 16:41:06,408 DEBUG client.py test3 Reader: try to lock False
2023-06-22 16:41:06,408 DEBUG client.py test3 Reader: get lock True
2023-06-22 16:41:06,414 DEBUG client.py test2 Reader: unlocked False
2023-06-22 16:41:06,909 DEBUG client.py test3 Reader: unlocked False
2023-06-22 16:41:06,913 DEBUG client.py test1 Reader: try to lock False
2023-06-22 16:41:06,913 DEBUG client.py test1 Reader: get lock True
2023-06-22 16:41:07,018 DEBUG client.py test2 Reader: try to lock False
2023-06-22 16:41:07,018 DEBUG client.py test2 Reader: get lock True
2023-06-22 16:41:07,417 DEBUG client.py test1 Reader: unlocked False
2023-06-22 16:41:07,513 DEBUG client.py test3 Reader: try to lock False
2023-06-22 16:41:07,513 DEBUG client.py test3 Reader: get lock True
2023-06-22 16:41:07,519 DEBUG client.py test2 Reader: unlocked False
2023-06-22 16:41:08,014 DEBUG client.py test3 Reader: unlocked False
2023-06-22 16:41:08,021 DEBUG client.py test1 Reader: try to lock False
2023-06-22 16:41:08,021 DEBUG client.py test1 Reader: get lock True
2023-06-22 16:41:08,121 DEBUG client.py test2 Reader: try to lock False
2023-06-22 16:41:08,121 DEBUG client.py test2 Reader: get lock True
2023-06-22 16:41:08,523 DEBUG client.py test1 Reader: unlocked False
2023-06-22 16:41:08,615 DEBUG client.py test3 Reader: try to lock False
2023-06-22 16:41:08,615 DEBUG client.py test3 Reader: get lock True
2023-06-22 16:41:08,623 DEBUG client.py test2 Reader: unlocked False
2023-06-22 16:41:09,117 DEBUG client.py test3 Reader: unlocked False
2023-06-22 16:41:09,127 DEBUG client.py test1 Reader: try to lock False
2023-06-22 16:41:09,127 DEBUG client.py test1 Reader: get lock True
2023-06-22 16:41:09,225 DEBUG client.py test2 Reader: try to lock False
2023-06-22 16:41:09,225 DEBUG client.py test2 Reader: get lock True
2023-06-22 16:41:09,628 DEBUG client.py test1 Reader: unlocked False
2023-06-22 16:41:09,720 DEBUG client.py test3 Reader: try to lock False
2023-06-22 16:41:09,720 DEBUG client.py test3 Reader: get lock True
2023-06-22 16:41:09,727 DEBUG client.py test2 Reader: unlocked False
2023-06-22 16:41:10,221 DEBUG client.py test3 Reader: unlocked False
2023-06-22 16:41:10,229 DEBUG client.py test1 Reader: try to lock False
2023-06-22 16:41:10,229 DEBUG client.py test1 Reader: get lock True
2023-06-22 16:41:10,328 DEBUG client.py test2 Reader: try to lock False
2023-06-22 16:41:10,328 DEBUG client.py test2 Reader: get lock True
2023-06-22 16:41:10,731 DEBUG client.py test1 Reader: unlocked False
2023-06-22 16:41:10,822 DEBUG client.py test3 Reader: try to lock False
2023-06-22 16:41:10,823 DEBUG client.py test3 Reader: get lock True
2023-06-22 16:41:10,829 DEBUG client.py test2 Reader: unlocked False
2023-06-22 16:41:11,324 DEBUG client.py test3 Reader: unlocked False
2023-06-22 16:41:11,331 DEBUG client.py test1 Reader: try to lock False
2023-06-22 16:41:11,332 DEBUG client.py test1 Reader: get lock True
2023-06-22 16:41:11,431 DEBUG client.py test2 Reader: try to lock False
2023-06-22 16:41:11,431 DEBUG client.py test2 Reader: get lock True
2023-06-22 16:41:11,832 DEBUG client.py test1 Reader: unlocked False
2023-06-22 16:41:11,925 DEBUG client.py test3 Reader: try to lock False
2023-06-22 16:41:11,925 DEBUG client.py test3 Reader: get lock True
2023-06-22 16:41:11,931 DEBUG client.py test2 Reader: unlocked False
2023-06-22 16:41:12,429 DEBUG client.py test3 Reader: unlocked False
2023-06-22 16:41:12,434 DEBUG client.py test1 Reader: try to lock False
2023-06-22 16:41:12,434 DEBUG client.py test1 Reader: get lock True
2023-06-22 16:41:12,535 DEBUG client.py test2 Reader: try to lock False
2023-06-22 16:41:12,535 DEBUG client.py test2 Reader: get lock True
2023-06-22 16:41:12,934 DEBUG client.py test1 Reader: unlocked False
2023-06-22 16:41:13,036 DEBUG client.py test3 Reader: try to lock False
2023-06-22 16:41:13,036 DEBUG client.py test3 Reader: get lock True
2023-06-22 16:41:13,036 DEBUG client.py test2 Reader: unlocked False
2023-06-22 16:41:13,535 DEBUG client.py test1 Reader: try to lock False
2023-06-22 16:41:13,535 DEBUG client.py test1 Reader: get lock True
2023-06-22 16:41:13,536 DEBUG client.py test3 Reader: unlocked False
2023-06-22 16:41:13,639 DEBUG client.py test2 Reader: try to lock False
2023-06-22 16:41:13,639 DEBUG client.py test2 Reader: get lock True
2023-06-22 16:41:14,035 DEBUG client.py test1 Reader: unlocked False
2023-06-22 16:41:14,139 DEBUG client.py test2 Reader: unlocked False
2023-06-22 16:41:14,139 DEBUG client.py test3 Reader: try to lock False
2023-06-22 16:41:14,139 DEBUG client.py test3 Reader: get lock True
2023-06-22 16:41:14,636 DEBUG client.py test1 Reader: try to lock False
2023-06-22 16:41:14,636 DEBUG client.py test1 Reader: get lock True
2023-06-22 16:41:14,643 DEBUG client.py test3 Reader: unlocked False
2023-06-22 16:41:14,745 DEBUG client.py test2 Reader: try to lock False
2023-06-22 16:41:14,745 DEBUG client.py test2 Reader: get lock True
2023-06-22 16:41:15,138 DEBUG client.py test1 Reader: unlocked False
2023-06-22 16:41:15,244 DEBUG client.py test3 Reader: try to lock False
2023-06-22 16:41:15,244 DEBUG client.py test3 Reader: get lock True
2023-06-22 16:41:15,248 DEBUG client.py test2 Reader: unlocked False
2023-06-22 16:41:15,742 DEBUG client.py test1 Reader: try to lock False
2023-06-22 16:41:15,742 DEBUG client.py test1 Reader: get lock True
2023-06-22 16:41:15,747 DEBUG client.py test3 Reader: unlocked False
2023-06-22 16:41:15,856 DEBUG client.py test2 Reader: try to lock False
2023-06-22 16:41:15,856 DEBUG client.py test2 Reader: get lock True
2023-06-22 16:41:16,244 DEBUG client.py test1 Reader: unlocked False
2023-06-22 16:41:16,349 DEBUG client.py test3 Reader: try to lock False
2023-06-22 16:41:16,349 DEBUG client.py test3 Reader: get lock True
2023-06-22 16:41:16,358 DEBUG client.py test2 Reader: unlocked False
2023-06-22 16:41:16,847 DEBUG client.py test1 Reader: try to lock False
2023-06-22 16:41:16,847 DEBUG client.py test1 Reader: get lock True
2023-06-22 16:41:16,849 DEBUG client.py test3 Reader: unlocked False
2023-06-22 16:41:16,960 DEBUG client.py test2 Reader: try to lock False
2023-06-22 16:41:16,960 DEBUG client.py test2 Reader: get lock True
2023-06-22 16:41:17,348 DEBUG client.py test1 Reader: unlocked False
2023-06-22 16:41:17,453 DEBUG client.py test3 Reader: try to lock False
2023-06-22 16:41:17,453 DEBUG client.py test3 Reader: get lock True
2023-06-22 16:41:17,463 DEBUG client.py test2 Reader: unlocked False
2023-06-22 16:41:17,949 DEBUG client.py test1 Reader: try to lock False
2023-06-22 16:41:17,949 DEBUG client.py test1 Reader: get lock True
2023-06-22 16:41:17,957 DEBUG client.py test3 Reader: unlocked False
2023-06-22 16:41:18,066 DEBUG client.py test2 Reader: try to lock False
2023-06-22 16:41:18,066 DEBUG client.py test2 Reader: get lock True
2023-06-22 16:41:18,449 DEBUG client.py test1 Reader: unlocked False
2023-06-22 16:41:18,567 DEBUG client.py test3 Reader: try to lock False
2023-06-22 16:41:18,567 DEBUG client.py test3 Reader: get lock True
2023-06-22 16:41:18,567 DEBUG client.py test2 Reader: unlocked False
2023-06-22 16:41:19,050 DEBUG client.py test1 Reader: try to lock False
2023-06-22 16:41:19,050 DEBUG client.py test1 Reader: get lock True
2023-06-22 16:41:19,068 DEBUG client.py test3 Reader: unlocked False
2023-06-22 16:41:19,171 DEBUG client.py test2 Reader: try to lock False
2023-06-22 16:41:19,171 DEBUG client.py test2 Reader: get lock True
2023-06-22 16:41:19,550 DEBUG client.py test1 Reader: unlocked False
2023-06-22 16:41:19,671 DEBUG client.py test3 Reader: try to lock False
2023-06-22 16:41:19,671 DEBUG client.py test3 Reader: get lock True
2023-06-22 16:41:19,675 DEBUG client.py test2 Reader: unlocked False
2023-06-22 16:41:20,151 DEBUG client.py test1 Reader: try to lock False
2023-06-22 16:41:20,151 DEBUG client.py test1 Reader: get lock True
2023-06-22 16:41:20,171 DEBUG client.py test3 Reader: unlocked False
2023-06-22 16:41:20,280 DEBUG client.py test2 Reader: try to lock False
2023-06-22 16:41:20,280 DEBUG client.py test2 Reader: get lock True
2023-06-22 16:41:20,357 DEBUG client.py test2 Sender: try to lock True
2023-06-22 16:41:20,652 DEBUG client.py test1 Reader: unlocked False
2023-06-22 16:41:20,772 DEBUG client.py test3 Reader: try to lock False
2023-06-22 16:41:20,772 DEBUG client.py test3 Reader: get lock True
2023-06-22 16:41:20,781 DEBUG client.py test2 Reader: unlocked False
2023-06-22 16:41:20,781 DEBUG client.py test2 Sender: locked True
2023-06-22 16:41:20,781 DEBUG client.py test2 Sending Action {'_type': 'action', '_action': 'msg', '_time': 1687441280.3576636, '_user_account': None, '_user_status': None, '_receiver': 'test1', '_sender': 'test2', '_message': 'Hi test1'}
2023-06-22 16:41:20,782 DEBUG client.py test2 Response Responce 200: OK
2023-06-22 16:41:20,782 DEBUG client.py test2 Sender: unlocked False
2023-06-22 16:41:21,260 DEBUG client.py test1 Reader: try to lock False
2023-06-22 16:41:21,260 DEBUG client.py test1 Reader: get lock True
2023-06-22 16:41:21,260 DEBUG client.py test1 Accepting Action {'_type': 'action', '_action': 'msg', '_time': 1687441280.3576636, '_user_account': None, '_user_status': None, '_receiver': 'test1', '_sender': 'test2', '_message': 'Hi test1'}
2023-06-22 16:41:21,260 DEBUG client.py test1 Reader: unlocked False
2023-06-22 16:41:21,273 DEBUG client.py test3 Reader: unlocked False
2023-06-22 16:41:21,385 DEBUG client.py test2 Reader: try to lock False
2023-06-22 16:41:21,385 DEBUG client.py test2 Reader: get lock True
2023-06-22 16:41:21,863 DEBUG client.py test1 Reader: try to lock False
2023-06-22 16:41:21,863 DEBUG client.py test1 Reader: get lock True
2023-06-22 16:41:21,874 DEBUG client.py test3 Reader: try to lock False
2023-06-22 16:41:21,874 DEBUG client.py test3 Reader: get lock True
2023-06-22 16:41:21,888 DEBUG client.py test2 Reader: unlocked False
2023-06-22 16:41:22,364 DEBUG client.py test1 Reader: unlocked False
2023-06-22 16:41:22,375 DEBUG client.py test3 Reader: unlocked False
2023-06-22 16:41:22,492 DEBUG client.py test2 Reader: try to lock False
2023-06-22 16:41:22,492 DEBUG client.py test2 Reader: get lock True
2023-06-22 16:41:22,966 DEBUG client.py test1 Reader: try to lock False
2023-06-22 16:41:22,966 DEBUG client.py test1 Reader: get lock True
2023-06-22 16:41:22,976 DEBUG client.py test3 Reader: try to lock False
2023-06-22 16:41:22,976 DEBUG client.py test3 Reader: get lock True
2023-06-22 16:41:22,995 DEBUG client.py test2 Reader: unlocked False
2023-06-22 16:41:23,467 DEBUG client.py test1 Reader: unlocked False
2023-06-22 16:41:23,477 DEBUG client.py test3 Reader: unlocked False
2023-06-22 16:41:23,599 DEBUG client.py test2 Reader: try to lock False
2023-06-22 16:41:23,600 DEBUG client.py test2 Reader: get lock True
2023-06-22 16:41:24,070 DEBUG client.py test1 Reader: try to lock False
2023-06-22 16:41:24,070 DEBUG client.py test1 Reader: get lock True
2023-06-22 16:41:24,081 DEBUG client.py test3 Reader: try to lock False
2023-06-22 16:41:24,081 DEBUG client.py test3 Reader: get lock True
2023-06-22 16:41:24,101 DEBUG client.py test2 Reader: unlocked False
2023-06-22 16:41:24,571 DEBUG client.py test1 Reader: unlocked False
2023-06-22 16:41:24,585 DEBUG client.py test3 Reader: unlocked False
2023-06-22 16:41:24,711 DEBUG client.py test2 Reader: try to lock False
2023-06-22 16:41:24,712 DEBUG client.py test2 Reader: get lock True
2023-06-22 16:41:25,178 DEBUG client.py test1 Reader: try to lock False
2023-06-22 16:41:25,179 DEBUG client.py test1 Reader: get lock True
2023-06-22 16:41:25,188 DEBUG client.py test3 Reader: try to lock False
2023-06-22 16:41:25,188 DEBUG client.py test3 Reader: get lock True
2023-06-22 16:41:25,212 DEBUG client.py test2 Reader: unlocked False
2023-06-22 16:41:25,679 DEBUG client.py test1 Reader: unlocked False
2023-06-22 16:41:25,692 DEBUG client.py test3 Reader: unlocked False
2023-06-22 16:41:25,816 DEBUG client.py test2 Reader: try to lock False
2023-06-22 16:41:25,816 DEBUG client.py test2 Reader: get lock True
2023-06-22 16:41:26,280 DEBUG client.py test1 Reader: try to lock False
2023-06-22 16:41:26,280 DEBUG client.py test1 Reader: get lock True
2023-06-22 16:41:26,300 DEBUG client.py test3 Reader: try to lock False
2023-06-22 16:41:26,300 DEBUG client.py test3 Reader: get lock True
2023-06-22 16:41:26,318 DEBUG client.py test2 Reader: unlocked False
2023-06-22 16:41:26,785 DEBUG client.py test1 Reader: unlocked False
2023-06-22 16:41:26,801 DEBUG client.py test3 Reader: unlocked False
2023-06-22 16:41:26,919 DEBUG client.py test2 Reader: try to lock False
2023-06-22 16:41:26,919 DEBUG client.py test2 Reader: get lock True
2023-06-22 16:41:27,396 DEBUG client.py test1 Reader: try to lock False
2023-06-22 16:41:27,396 DEBUG client.py test1 Reader: get lock True
2023-06-22 16:41:27,407 DEBUG client.py test3 Reader: try to lock False
2023-06-22 16:41:27,407 DEBUG client.py test3 Reader: get lock True
2023-06-22 16:41:27,419 DEBUG client.py test2 Reader: unlocked False
2023-06-22 16:41:27,896 DEBUG client.py test1 Reader: unlocked False
2023-06-22 16:41:27,911 DEBUG client.py test3 Reader: unlocked False
2023-06-22 16:41:28,027 DEBUG client.py test2 Reader: try to lock False
2023-06-22 16:41:28,027 DEBUG client.py test2 Reader: get lock True
2023-06-22 16:41:28,498 DEBUG client.py test1 Reader: try to lock False
2023-06-22 16:41:28,498 DEBUG client.py test1 Reader: get lock True
2023-06-22 16:41:28,512 DEBUG client.py test3 Reader: try to lock False
2023-06-22 16:41:28,513 DEBUG client.py test3 Reader: get lock True
2023-06-22 16:41:28,528 DEBUG client.py test2 Reader: unlocked False
2023-06-22 16:41:29,003 DEBUG client.py test1 Reader: unlocked False
2023-06-22 16:41:29,015 DEBUG client.py test3 Reader: unlocked False
2023-06-22 16:41:29,130 DEBUG client.py test2 Reader: try to lock False
2023-06-22 16:41:29,130 DEBUG client.py test2 Reader: get lock True
2023-06-22 16:41:29,608 DEBUG client.py test1 Reader: try to lock False
2023-06-22 16:41:29,608 DEBUG client.py test1 Reader: get lock True
2023-06-22 16:41:29,617 DEBUG client.py test3 Reader: try to lock False
2023-06-22 16:41:29,617 DEBUG client.py test3 Reader: get lock True
2023-06-22 16:41:29,630 DEBUG client.py test2 Reader: unlocked False
2023-06-22 16:41:30,113 DEBUG client.py test1 Reader: unlocked False
2023-06-22 16:41:30,118 DEBUG client.py test3 Reader: unlocked False
2023-06-22 16:41:30,231 DEBUG client.py test2 Reader: try to lock False
2023-06-22 16:41:30,231 DEBUG client.py test2 Reader: get lock True
2023-06-22 16:41:30,716 DEBUG client.py test1 Reader: try to lock False
2023-06-22 16:41:30,716 DEBUG client.py test1 Reader: get lock True
2023-06-22 16:41:30,722 DEBUG client.py test3 Reader: try to lock False
2023-06-22 16:41:30,722 DEBUG client.py test3 Reader: get lock True
2023-06-22 16:41:30,732 DEBUG client.py test2 Reader: unlocked False
2023-06-22 16:41:31,216 DEBUG client.py test1 Reader: unlocked False
2023-06-22 16:41:31,223 DEBUG client.py test3 Reader: unlocked False
2023-06-22 16:41:31,335 DEBUG client.py test2 Reader: try to lock False
2023-06-22 16:41:31,335 DEBUG client.py test2 Reader: get lock True
2023-06-22 16:41:31,820 DEBUG client.py test1 Reader: try to lock False
2023-06-22 16:41:31,820 DEBUG client.py test1 Reader: get lock True
2023-06-22 16:41:31,825 DEBUG client.py test3 Reader: try to lock False
2023-06-22 16:41:31,825 DEBUG client.py test3 Reader: get lock True
2023-06-22 16:41:31,837 DEBUG client.py test2 Reader: unlocked False
2023-06-22 16:41:32,323 DEBUG client.py test1 Reader: unlocked False
2023-06-22 16:41:32,325 DEBUG client.py test3 Reader: unlocked False
2023-06-22 16:41:32,439 DEBUG client.py test2 Reader: try to lock False
2023-06-22 16:41:32,439 DEBUG client.py test2 Reader: get lock True
2023-06-22 16:41:32,924 DEBUG client.py test1 Reader: try to lock False
2023-06-22 16:41:32,925 DEBUG client.py test1 Reader: get lock True
2023-06-22 16:41:32,927 DEBUG client.py test3 Reader: try to lock False
2023-06-22 16:41:32,927 DEBUG client.py test3 Reader: get lock True
2023-06-22 16:41:32,940 DEBUG client.py test2 Reader: unlocked False
2023-06-22 16:41:33,425 DEBUG client.py test1 Reader: unlocked False
2023-06-22 16:41:33,429 DEBUG client.py test3 Reader: unlocked False
2023-06-22 16:41:33,544 DEBUG client.py test2 Reader: try to lock False
2023-06-22 16:41:33,544 DEBUG client.py test2 Reader: get lock True
2023-06-22 16:41:33,790 DEBUG client.py test1 Sender: try to lock False
2023-06-22 16:41:33,790 DEBUG client.py test1 Sender: locked True
2023-06-22 16:41:33,790 DEBUG client.py test1 Sending Action {'_type': 'action', '_action': 'msg', '_time': 1687441293.7902606, '_user_account': None, '_user_status': None, '_receiver': 'test2', '_sender': 'test1', '_message': 'Hi test2'}
2023-06-22 16:41:33,791 DEBUG client.py test1 Response Responce 200: OK
2023-06-22 16:41:33,791 DEBUG client.py test1 Sender: unlocked False
2023-06-22 16:41:33,791 DEBUG client.py test2 Accepting Action {'_type': 'action', '_action': 'msg', '_time': 1687441293.7902606, '_user_account': None, '_user_status': None, '_receiver': 'test2', '_sender': 'test1', '_message': 'Hi test2'}
2023-06-22 16:41:33,791 DEBUG client.py test2 Reader: unlocked False
2023-06-22 16:41:34,026 DEBUG client.py test1 Reader: try to lock False
2023-06-22 16:41:34,026 DEBUG client.py test1 Reader: get lock True
2023-06-22 16:41:34,032 DEBUG client.py test3 Reader: try to lock False
2023-06-22 16:41:34,033 DEBUG client.py test3 Reader: get lock True
2023-06-22 16:41:34,393 DEBUG client.py test2 Reader: try to lock False
2023-06-22 16:41:34,393 DEBUG client.py test2 Reader: get lock True
2023-06-22 16:41:34,527 DEBUG client.py test1 Reader: unlocked False
2023-06-22 16:41:34,536 DEBUG client.py test3 Reader: unlocked False
2023-06-22 16:41:34,896 DEBUG client.py test2 Reader: unlocked False
2023-06-22 16:41:35,128 DEBUG client.py test1 Reader: try to lock False
2023-06-22 16:41:35,128 DEBUG client.py test1 Reader: get lock True
2023-06-22 16:41:35,140 DEBUG client.py test3 Reader: try to lock False
2023-06-22 16:41:35,140 DEBUG client.py test3 Reader: get lock True
2023-06-22 16:41:35,498 DEBUG client.py test2 Reader: try to lock False
2023-06-22 16:41:35,498 DEBUG client.py test2 Reader: get lock True
2023-06-22 16:41:35,628 DEBUG client.py test1 Reader: unlocked False
2023-06-22 16:41:35,641 DEBUG client.py test3 Reader: unlocked False
2023-06-22 16:41:35,999 DEBUG client.py test2 Reader: unlocked False
2023-06-22 16:41:36,232 DEBUG client.py test1 Reader: try to lock False
2023-06-22 16:41:36,232 DEBUG client.py test1 Reader: get lock True
2023-06-22 16:41:36,245 DEBUG client.py test3 Reader: try to lock False
2023-06-22 16:41:36,245 DEBUG client.py test3 Reader: get lock True
2023-06-22 16:41:36,602 DEBUG client.py test2 Reader: try to lock False
2023-06-22 16:41:36,602 DEBUG client.py test2 Reader: get lock True
2023-06-22 16:41:36,733 DEBUG client.py test1 Reader: unlocked False
2023-06-22 16:41:36,746 DEBUG client.py test3 Reader: unlocked False
2023-06-22 16:41:37,108 DEBUG client.py test2 Reader: unlocked False
2023-06-22 16:41:37,355 DEBUG client.py test3 Reader: try to lock False
2023-06-22 16:41:37,355 DEBUG client.py test3 Reader: get lock True
2023-06-22 16:41:37,712 DEBUG client.py test2 Reader: try to lock False
2023-06-22 16:41:37,713 DEBUG client.py test2 Reader: get lock True
2023-06-22 16:41:37,861 DEBUG client.py test3 Reader: unlocked False
2023-06-22 16:41:38,213 DEBUG client.py test2 Reader: unlocked False
2023-06-22 16:41:38,480 DEBUG client.py test3 Reader: try to lock False
2023-06-22 16:41:38,480 DEBUG client.py test3 Reader: get lock True
2023-06-22 16:41:38,813 DEBUG client.py test2 Reader: try to lock False
2023-06-22 16:41:38,814 DEBUG client.py test2 Reader: get lock True
2023-06-22 16:41:38,982 DEBUG client.py test3 Reader: unlocked False
2023-06-22 16:41:39,314 DEBUG client.py test2 Reader: unlocked False
2023-06-22 16:41:39,587 DEBUG client.py test3 Reader: try to lock False
2023-06-22 16:41:39,587 DEBUG client.py test3 Reader: get lock True
2023-06-22 16:41:39,918 DEBUG client.py test2 Reader: try to lock False
2023-06-22 16:41:39,918 DEBUG client.py test2 Reader: get lock True
2023-06-22 16:41:40,088 DEBUG client.py test3 Reader: unlocked False
2023-06-22 16:41:40,419 DEBUG client.py test2 Reader: unlocked False
2023-06-22 16:41:40,690 DEBUG client.py test3 Reader: try to lock False
2023-06-22 16:41:40,690 DEBUG client.py test3 Reader: get lock True
2023-06-22 16:41:41,032 DEBUG client.py test2 Reader: try to lock False
2023-06-22 16:41:41,032 DEBUG client.py test2 Reader: get lock True
2023-06-22 16:41:41,191 DEBUG client.py test3 Reader: unlocked False
2023-06-22 16:41:41,540 DEBUG client.py test2 Reader: unlocked False
2023-06-22 16:41:41,796 DEBUG client.py test3 Reader: try to lock False
2023-06-22 16:41:41,796 DEBUG client.py test3 Reader: get lock True
2023-06-22 16:41:42,147 DEBUG client.py test2 Reader: try to lock False
2023-06-22 16:41:42,147 DEBUG client.py test2 Reader: get lock True
2023-06-22 16:41:42,299 DEBUG client.py test3 Reader: unlocked False
2023-06-22 16:41:42,652 DEBUG client.py test2 Reader: unlocked False
2023-06-22 16:41:42,900 DEBUG client.py test3 Reader: try to lock False
2023-06-22 16:41:42,900 DEBUG client.py test3 Reader: get lock True
2023-06-22 16:41:43,256 DEBUG client.py test2 Reader: try to lock False
2023-06-22 16:41:43,256 DEBUG client.py test2 Reader: get lock True
2023-06-22 16:41:43,401 DEBUG client.py test3 Reader: unlocked False
2023-06-22 16:41:43,757 DEBUG client.py test2 Reader: unlocked False
2023-06-22 16:41:44,002 DEBUG client.py test3 Reader: try to lock False
2023-06-22 16:41:44,002 DEBUG client.py test3 Reader: get lock True
2023-06-22 16:41:44,364 DEBUG client.py test2 Reader: try to lock False
2023-06-22 16:41:44,364 DEBUG client.py test2 Reader: get lock True
2023-06-22 16:41:44,504 DEBUG client.py test3 Reader: unlocked False
2023-06-22 16:41:44,867 DEBUG client.py test2 Reader: unlocked False
2023-06-22 16:41:45,107 DEBUG client.py test3 Reader: try to lock False
2023-06-22 16:41:45,107 DEBUG client.py test3 Reader: get lock True
2023-06-22 16:41:45,473 DEBUG client.py test2 Reader: try to lock False
2023-06-22 16:41:45,473 DEBUG client.py test2 Reader: get lock True
2023-06-22 16:41:45,608 DEBUG client.py test3 Reader: unlocked False
2023-06-22 16:41:45,974 DEBUG client.py test2 Reader: unlocked False
2023-06-22 16:41:46,214 DEBUG client.py test3 Reader: try to lock False
2023-06-22 16:41:46,214 DEBUG client.py test3 Reader: get lock True
2023-06-22 16:41:46,577 DEBUG client.py test2 Reader: try to lock False
2023-06-22 16:41:46,577 DEBUG client.py test2 Reader: get lock True
2023-06-22 16:41:46,715 DEBUG client.py test3 Reader: unlocked False
2023-06-22 16:41:47,078 DEBUG client.py test2 Reader: unlocked False
2023-06-22 16:41:47,316 DEBUG client.py test3 Reader: try to lock False
2023-06-22 16:41:47,316 DEBUG client.py test3 Reader: get lock True
2023-06-22 16:41:47,679 DEBUG client.py test2 Reader: try to lock False
2023-06-22 16:41:47,679 DEBUG client.py test2 Reader: get lock True
2023-06-22 16:41:47,824 DEBUG client.py test3 Reader: unlocked False
2023-06-22 16:41:48,186 DEBUG client.py test2 Reader: unlocked False
2023-06-22 16:41:48,433 DEBUG client.py test3 Reader: try to lock False
2023-06-22 16:41:48,433 DEBUG client.py test3 Reader: get lock True
2023-06-22 16:41:48,798 DEBUG client.py test2 Reader: try to lock False
2023-06-22 16:41:48,798 DEBUG client.py test2 Reader: get lock True
2023-06-22 16:41:48,952 DEBUG client.py test3 Reader: unlocked False
2023-06-22 16:41:49,303 DEBUG client.py test2 Reader: unlocked False
2023-06-22 16:41:49,557 DEBUG client.py test3 Reader: try to lock False
2023-06-22 16:41:49,557 DEBUG client.py test3 Reader: get lock True
2023-06-22 16:41:49,905 DEBUG client.py test2 Reader: try to lock False
2023-06-22 16:41:49,905 DEBUG client.py test2 Reader: get lock True
2023-06-22 16:41:50,061 DEBUG client.py test3 Reader: unlocked False
2023-06-22 16:41:50,407 DEBUG client.py test2 Reader: unlocked False
2023-06-22 16:41:50,667 DEBUG client.py test3 Reader: try to lock False
2023-06-22 16:41:50,667 DEBUG client.py test3 Reader: get lock True
2023-06-22 16:41:51,011 DEBUG client.py test2 Reader: try to lock False
2023-06-22 16:41:51,011 DEBUG client.py test2 Reader: get lock True
2023-06-22 16:41:51,521 DEBUG client.py test2 Reader: unlocked False
2023-06-22 16:41:52,123 DEBUG client.py test2 Reader: try to lock False
2023-06-22 16:41:52,123 DEBUG client.py test2 Reader: get lock True
2023-06-22 16:41:52,624 DEBUG client.py test2 Reader: unlocked False
2023-06-22 16:41:53,229 DEBUG client.py test2 Reader: try to lock False
2023-06-22 16:41:53,229 DEBUG client.py test2 Reader: get lock True
2023-06-22 16:41:53,730 DEBUG client.py test2 Reader: unlocked False
2023-06-22 16:41:54,331 DEBUG client.py test2 Reader: try to lock False
2023-06-22 16:41:54,331 DEBUG client.py test2 Reader: get lock True
2023-06-22 16:41:54,832 DEBUG client.py test2 Reader: unlocked False
2023-06-23 17:46:14,840 INFO client.py Connecting to 127.0.0.1:7777, user guest
2023-06-23 17:46:14,841 INFO client.py Connecting to 127.0.0.1:7777
2023-06-23 17:46:14,841 CRITICAL client.py Connection error [Errno 111] Connection refused
2023-06-23 17:46:14,841 CRITICAL client.py Communication error
2023-06-26 17:05:01,395 INFO client.py Connecting to 127.0.0.1:7777, user test1
2023-06-26 17:05:01,395 INFO client.py Connecting to 127.0.0.1:7777
2023-06-26 17:05:01,395 DEBUG client.py test1 Sending Action {'_type': 'action', '_action': 'presence', '_time': 1687788301.395759, '_user_account': 'test1', '_user_status': 'test1 is here', '_receiver': None, '_sender': None, '_message': None}
2023-06-26 17:05:01,681 DEBUG client.py test1 Response Responce 200: OK
2023-06-26 17:05:01,696 DEBUG client.py test1 Reader thread started
2023-06-26 17:05:01,783 INFO client.py Connecting to 127.0.0.1:7777, user test2
2023-06-26 17:05:01,783 INFO client.py Connecting to 127.0.0.1:7777
2023-06-26 17:05:01,784 DEBUG client.py test2 Sending Action {'_type': 'action', '_action': 'presence', '_time': 1687788301.7840726, '_user_account': 'test2', '_user_status': 'test2 is here', '_receiver': None, '_sender': None, '_message': None}
2023-06-26 17:05:01,801 DEBUG client.py test2 Response Responce 200: OK
2023-06-26 17:05:01,802 DEBUG client.py test2 Reader thread started
2023-06-26 17:05:01,973 INFO client.py Connecting to 127.0.0.1:7777, user test3
2023-06-26 17:05:01,973 INFO client.py Connecting to 127.0.0.1:7777
2023-06-26 17:05:01,974 DEBUG client.py test3 Sending Action {'_type': 'action', '_action': 'presence', '_time': 1687788301.9740303, '_user_account': 'test3', '_user_status': 'test3 is here', '_receiver': None, '_sender': None, '_message': None}
2023-06-26 17:05:01,999 DEBUG client.py test3 Response Responce 200: OK
2023-06-26 17:05:01,999 DEBUG client.py test3 Reader thread started
2023-06-26 17:05:02,198 DEBUG client.py test1 Sender thread started
2023-06-26 17:05:02,303 DEBUG client.py test2 Sender thread started
2023-06-26 17:05:02,503 DEBUG client.py test3 Sender thread started
2023-06-26 17:05:08,324 DEBUG client.py test3 Sending Action {'_type': 'action', '_action': 'quit', '_time': 1687788307.343267, '_user_account': None, '_user_status': None, '_receiver': None, '_sender': None, '_message': None}
2023-06-26 17:05:08,325 DEBUG client.py test3 Response Responce 400: Bad Request
2023-06-26 17:05:08,325 INFO client.py test3 Error response Responce 400: Bad Request
2023-06-26 17:05:08,522 DEBUG client.py test3 Client stopped...
2023-06-26 17:05:11,360 DEBUG client.py test2 Sending Action {'_type': 'action', '_action': 'quit', '_time': 1687788311.1834955, '_user_account': None, '_user_status': None, '_receiver': None, '_sender': None, '_message': None}
2023-06-26 17:05:11,361 DEBUG client.py test2 Response Responce 400: Bad Request
2023-06-26 17:05:11,361 INFO client.py test2 Error response Responce 400: Bad Request
2023-06-26 17:05:12,355 DEBUG client.py test2 Client stopped...
2023-06-26 17:05:16,102 DEBUG client.py test1 Sending Action {'_type': 'action', '_action': 'quit', '_time': 1687788315.7596488, '_user_account': None, '_user_status': None, '_receiver': None, '_sender': None, '_message': None}
2023-06-26 17:05:16,102 DEBUG client.py test1 Response Responce 400: Bad Request
2023-06-26 17:05:16,102 INFO client.py test1 Error response Responce 400: Bad Request
2023-06-26 17:05:16,256 DEBUG client.py test1 Client stopped...
2023-06-26 17:07:34,202 INFO client.py Connecting to 127.0.0.1:7777, user test1
2023-06-26 17:07:34,202 INFO client.py Connecting to 127.0.0.1:7777
2023-06-26 17:07:34,203 DEBUG client.py test1 Sending Action {'_type': 'action', '_action': 'presence', '_time': 1687788454.203367, '_user_account': 'test1', '_user_status': 'test1 is here', '_receiver': None, '_sender': None, '_message': None}
2023-06-26 17:07:34,241 DEBUG client.py test1 Response Responce 200: OK
2023-06-26 17:07:34,241 DEBUG client.py test1 Reader thread started
2023-06-26 17:07:34,306 INFO client.py Connecting to 127.0.0.1:7777, user test2
2023-06-26 17:07:34,306 INFO client.py Connecting to 127.0.0.1:7777
2023-06-26 17:07:34,306 DEBUG client.py test2 Sending Action {'_type': 'action', '_action': 'presence', '_time': 1687788454.3067577, '_user_account': 'test2', '_user_status': 'test2 is here', '_receiver': None, '_sender': None, '_message': None}
2023-06-26 17:07:34,321 DEBUG client.py test2 Response Responce 200: OK
2023-06-26 17:07:34,322 DEBUG client.py test2 Reader thread started
2023-06-26 17:07:34,437 INFO client.py Connecting to 127.0.0.1:7777, user test3
2023-06-26 17:07:34,438 INFO client.py Connecting to 127.0.0.1:7777
2023-06-26 17:07:34,438 DEBUG client.py test3 Sending Action {'_type': 'action', '_action': 'presence', '_time': 1687788454.4382472, '_user_account': 'test3', '_user_status': 'test3 is here', '_receiver': None, '_sender': None, '_message': None}
2023-06-26 17:07:34,501 DEBUG client.py test3 Response Responce 200: OK
2023-06-26 17:07:34,501 DEBUG client.py test3 Reader thread started
2023-06-26 17:07:34,742 DEBUG client.py test1 Sender thread started
2023-06-26 17:07:34,825 DEBUG client.py test2 Sender thread started
2023-06-26 17:07:35,003 DEBUG client.py test3 Sender thread started
2023-06-26 17:07:40,822 DEBUG client.py test3 Sending Action {'_type': 'action', '_action': 'quit', '_time': 1687788460.085384, '_user_account': None, '_user_status': None, '_receiver': None, '_sender': None, '_message': None}
2023-06-26 17:07:40,823 DEBUG client.py test3 Response Responce 400: Bad Request
2023-06-26 17:07:40,823 INFO client.py test3 Error response Responce 400: Bad Request
2023-06-26 17:07:41,011 DEBUG client.py test3 Client stopped...
2023-06-26 17:07:44,421 DEBUG client.py test2 Sending Action {'_type': 'action', '_action': 'quit', '_time': 1687788464.421419, '_user_account': None, '_user_status': None, '_receiver': None, '_sender': None, '_message': None}
2023-06-26 17:07:44,422 DEBUG client.py test2 Response Responce 400: Bad Request
2023-06-26 17:07:44,422 INFO client.py test2 Error response Responce 400: Bad Request
2023-06-26 17:07:44,853 DEBUG client.py test2 Client stopped...
2023-06-26 17:07:47,181 DEBUG client.py test1 Sending Action {'_type': 'action', '_action': 'quit', '_time': 1687788467.1815264, '_user_account': None, '_user_status': None, '_receiver': None, '_sender': None, '_message': None}
2023-06-26 17:07:47,182 DEBUG client.py test1 Response Responce 400: Bad Request
2023-06-26 17:07:47,182 INFO client.py test1 Error response Responce 400: Bad Request
2023-06-26 17:07:47,764 DEBUG client.py test1 Client stopped...
2023-06-26 17:11:02,330 INFO client.py Connecting to 127.0.0.1:7777, user test1
2023-06-26 17:11:02,330 INFO client.py Connecting to 127.0.0.1:7777
2023-06-26 17:11:02,331 DEBUG client.py test1 Sending Action {'_type': 'action', '_action': 'presence', '_time': 1687788662.3315597, '_user_account': 'test1', '_user_status': 'test1 is here', '_receiver': None, '_sender': None, '_message': None}
2023-06-26 17:11:02,454 DEBUG client.py test1 Response Responce 200: OK
2023-06-26 17:11:02,455 DEBUG client.py test1 Reader thread started
2023-06-26 17:11:02,667 INFO client.py Connecting to 127.0.0.1:7777, user test2
2023-06-26 17:11:02,667 INFO client.py Connecting to 127.0.0.1:7777
2023-06-26 17:11:02,667 DEBUG client.py test2 Sending Action {'_type': 'action', '_action': 'presence', '_time': 1687788662.6679373, '_user_account': 'test2', '_user_status': 'test2 is here', '_receiver': None, '_sender': None, '_message': None}
2023-06-26 17:11:02,711 DEBUG client.py test2 Response Responce 200: OK
2023-06-26 17:11:02,712 DEBUG client.py test2 Reader thread started
2023-06-26 17:11:02,956 DEBUG client.py test1 Sender thread started
2023-06-26 17:11:03,125 INFO client.py Connecting to 127.0.0.1:7777, user test3
2023-06-26 17:11:03,125 INFO client.py Connecting to 127.0.0.1:7777
2023-06-26 17:11:03,125 DEBUG client.py test3 Sending Action {'_type': 'action', '_action': 'presence', '_time': 1687788663.1258698, '_user_account': 'test3', '_user_status': 'test3 is here', '_receiver': None, '_sender': None, '_message': None}
2023-06-26 17:11:03,132 DEBUG client.py test3 Response Responce 200: OK
2023-06-26 17:11:03,133 DEBUG client.py test3 Reader thread started
2023-06-26 17:11:03,224 DEBUG client.py test2 Sender thread started
2023-06-26 17:11:03,634 DEBUG client.py test3 Sender thread started
2023-06-26 17:11:09,469 DEBUG client.py test3 Sending Action {'_type': 'action', '_action': 'quit', '_time': 1687788668.565375, '_user_account': None, '_user_status': None, '_receiver': None, '_sender': None, '_message': None}
2023-06-26 17:11:09,470 DEBUG client.py test3 Response Responce 400: Bad Request
2023-06-26 17:11:09,470 INFO client.py test3 Error response Responce 400: Bad Request
2023-06-26 17:11:09,647 DEBUG client.py test3 Client stopped...
2023-06-26 17:11:12,280 DEBUG client.py test2 Sending Action {'_type': 'action', '_action': 'quit', '_time': 1687788672.2775054, '_user_account': None, '_user_status': None, '_receiver': None, '_sender': None, '_message': None}
2023-06-26 17:11:12,281 DEBUG client.py test2 Response Responce 400: Bad Request
2023-06-26 17:11:12,281 INFO client.py test2 Error response Responce 400: Bad Request
2023-06-26 17:11:13,267 DEBUG client.py test2 Client stopped...
2023-06-26 17:11:15,653 DEBUG client.py test1 Sending Action {'_type': 'action', '_action': 'quit', '_time': 1687788675.6536353, '_user_account': None, '_user_status': None, '_receiver': None, '_sender': None, '_message': None}
2023-06-26 17:11:15,654 DEBUG client.py test1 Response Responce 400: Bad Request
2023-06-26 17:11:15,654 INFO client.py test1 Error response Responce 400: Bad Request
2023-06-26 17:11:16,003 DEBUG client.py test1 Client stopped...
2023-06-26 17:16:00,290 INFO client.py Connecting to 127.0.0.1:7777, user guest
2023-06-26 17:16:00,291 INFO client.py Connecting to 127.0.0.1:7777
2023-06-26 17:16:00,291 DEBUG client.py guest Sending Action {'_type': 'action', '_action': 'presence', '_time': 1687788960.2915883, '_user_account': 'guest', '_user_status': 'guest is here', '_receiver': None, '_sender': None, '_message': None}
2023-06-26 17:16:00,377 DEBUG client.py guest Response Responce 200: OK
2023-06-26 17:16:00,380 DEBUG client.py guest Reader thread started
2023-06-26 17:16:00,882 DEBUG client.py guest Sender thread started
2023-06-26 17:17:39,414 DEBUG client.py guest Sending Action {'_type': 'action', '_action': 'quit', '_time': 1687789028.7684267, '_user_account': None, '_user_status': None, '_receiver': None, '_sender': None, '_message': None}
2023-06-26 17:20:17,619 DEBUG client.py guest Client stopped...
2023-06-26 17:21:06,593 INFO client.py Connecting to 127.0.0.1:7777, user test1
2023-06-26 17:21:06,593 INFO client.py Connecting to 127.0.0.1:7777
2023-06-26 17:21:06,594 DEBUG client.py test1 Sending Action {'_type': 'action', '_action': 'presence', '_time': 1687789266.594351, '_user_account': 'test1', '_user_status': 'test1 is here', '_receiver': None, '_sender': None, '_message': None}
2023-06-26 17:21:06,621 DEBUG client.py test1 Response Responce 200: OK
2023-06-26 17:21:06,622 DEBUG client.py test1 Reader thread started
2023-06-26 17:21:06,752 INFO client.py Connecting to 127.0.0.1:7777, user test2
2023-06-26 17:21:06,753 INFO client.py Connecting to 127.0.0.1:7777
2023-06-26 17:21:06,753 DEBUG client.py test2 Sending Action {'_type': 'action', '_action': 'presence', '_time': 1687789266.7534795, '_user_account': 'test2', '_user_status': 'test2 is here', '_receiver': None, '_sender': None, '_message': None}
2023-06-26 17:21:06,797 DEBUG client.py test2 Response Responce 200: OK
2023-06-26 17:21:06,797 DEBUG client.py test2 Reader thread started
2023-06-26 17:21:06,836 INFO client.py Connecting to 127.0.0.1:7777, user test3
2023-06-26 17:21:06,837 INFO client.py Connecting to 127.0.0.1:7777
2023-06-26 17:21:06,837 DEBUG client.py test3 Sending Action {'_type': 'action', '_action': 'presence', '_time': 1687789266.8371315, '_user_account': 'test3', '_user_status': 'test3 is here', '_receiver': None, '_sender': None, '_message': None}
2023-06-26 17:21:06,856 DEBUG client.py test3 Response Responce 200: OK
2023-06-26 17:21:06,857 DEBUG client.py test3 Reader thread started
2023-06-26 17:21:07,123 DEBUG client.py test1 Sender thread started
2023-06-26 17:21:07,299 DEBUG client.py test2 Sender thread started
2023-06-26 17:21:07,359 DEBUG client.py test3 Sender thread started
2023-06-26 17:21:13,236 DEBUG client.py test3 Sending Action {'_type': 'action', '_action': 'quit', '_time': 1687789272.9965422, '_user_account': None, '_user_status': None, '_receiver': None, '_sender': None, '_message': None}
2023-06-26 17:21:13,432 DEBUG client.py test3 Client stopped...
2023-06-26 17:21:18,165 DEBUG client.py test2 Sending Action {'_type': 'action', '_action': 'quit', '_time': 1687789278.1649668, '_user_account': None, '_user_status': None, '_receiver': None, '_sender': None, '_message': None}
2023-06-26 17:21:18,390 DEBUG client.py test2 Client stopped...
2023-06-26 17:21:21,015 DEBUG client.py test1 Sending Action {'_type': 'action', '_action': 'quit', '_time': 1687789280.9890676, '_user_account': None, '_user_status': None, '_receiver': None, '_sender': None, '_message': None}
2023-06-26 17:21:21,200 DEBUG client.py test1 Client stopped...
2023-06-27 00:35:39,752 INFO client.py Connecting to 127.0.0.1:7777, user test1
2023-06-27 00:35:39,752 INFO client.py Connecting to 127.0.0.1:7777
2023-06-27 00:35:39,752 DEBUG client.py test1 Sending Action {'_type': 'action', '_action': 'presence', '_time': 1687815339.752852, '_user_account': 'test1', '_user_status': 'test1 is here', '_receiver': None, '_sender': None, '_message': None}
2023-06-27 00:35:39,783 DEBUG client.py test1 Response Responce 200: OK
2023-06-27 00:35:39,783 DEBUG client.py test1 Reader thread started
2023-06-27 00:35:39,816 INFO client.py Connecting to 127.0.0.1:7777, user test2
2023-06-27 00:35:39,816 INFO client.py Connecting to 127.0.0.1:7777
2023-06-27 00:35:39,816 DEBUG client.py test2 Sending Action {'_type': 'action', '_action': 'presence', '_time': 1687815339.8166337, '_user_account': 'test2', '_user_status': 'test2 is here', '_receiver': None, '_sender': None, '_message': None}
2023-06-27 00:35:39,825 DEBUG client.py test2 Response Responce 200: OK
2023-06-27 00:35:39,825 DEBUG client.py test2 Reader thread started
2023-06-27 00:35:39,990 INFO client.py Connecting to 127.0.0.1:7777, user test3
2023-06-27 00:35:39,990 INFO client.py Connecting to 127.0.0.1:7777
2023-06-27 00:35:39,990 DEBUG client.py test3 Sending Action {'_type': 'action', '_action': 'presence', '_time': 1687815339.9906266, '_user_account': 'test3', '_user_status': 'test3 is here', '_receiver': None, '_sender': None, '_message': None}
2023-06-27 00:35:40,005 DEBUG client.py test3 Response Responce 200: OK
2023-06-27 00:35:40,006 DEBUG client.py test3 Reader thread started
2023-06-27 00:35:40,284 DEBUG client.py test1 Sender thread started
2023-06-27 00:35:40,326 DEBUG client.py test2 Sender thread started
2023-06-27 00:35:40,508 DEBUG client.py test3 Sender thread started
2023-06-27 00:35:51,192 DEBUG client.py test3 Sending Action {'_type': 'action', '_action': 'msg', '_time': 1687815350.6872022, '_user_account': None, '_user_status': None, '_receiver': '', '_sender': 'test3', '_message': 'quit'}
2023-06-27 00:35:51,193 DEBUG client.py test3 Response Responce 200: OK
2023-06-27 00:35:51,563 DEBUG client.py test1 Accepting Action {'_type': 'action', '_action': 'msg', '_time': 1687815350.6872022, '_user_account': None, '_user_status': None, '_receiver': '', '_sender': 'test3', '_message': 'quit'}
2023-06-27 00:35:51,592 DEBUG client.py test2 Accepting Action {'_type': 'action', '_action': 'msg', '_time': 1687815350.6872022, '_user_account': None, '_user_status': None, '_receiver': '', '_sender': 'test3', '_message': 'quit'}
2023-06-27 00:35:56,016 DEBUG client.py test3 Sending Action {'_type': 'action', '_action': 'quit', '_time': 1687815355.0554097, '_user_account': None, '_user_status': None, '_receiver': None, '_sender': None, '_message': None}
2023-06-27 00:35:56,589 DEBUG client.py test3 Client stopped...
2023-06-27 00:36:04,449 DEBUG client.py test2 Sending Action {'_type': 'action', '_action': 'quit', '_time': 1687815364.4160407, '_user_account': None, '_user_status': None, '_receiver': None, '_sender': None, '_message': None}
2023-06-27 00:36:05,393 DEBUG client.py test2 Client stopped...
2023-06-27 00:36:11,193 DEBUG client.py test1 Sending Action {'_type': 'action', '_action': 'quit', '_time': 1687815371.1929471, '_user_account': None, '_user_status': None, '_receiver': None, '_sender': None, '_message': None}
2023-06-27 00:36:11,369 DEBUG client.py test1 Client stopped...
